c:\users\stig_\source\repos\usb umdf 2 driver2\usb umdf 2 driver2\x64\debug\vc142.pdb
c:\users\stig_\source\repos\usb umdf 2 driver2\usb umdf 2 driver2\x64\debug\queue.obj
c:\users\stig_\source\repos\usb umdf 2 driver2\usb umdf 2 driver2\x64\debug\driver.obj
c:\users\stig_\source\repos\usb umdf 2 driver2\usb umdf 2 driver2\x64\debug\device.obj
c:\users\stig_\source\repos\usb umdf 2 driver2\x64\debug\usb umdf 2 driver2\usbumdf2driver2.cat
c:\users\stig_\source\repos\usb umdf 2 driver2\x64\debug\usbumdf2driver2.dll
c:\users\stig_\source\repos\usb umdf 2 driver2\x64\debug\usbumdf2driver2.pdb
c:\users\stig_\source\repos\usb umdf 2 driver2\usb umdf 2 driver2\x64\debug\usbumdf2driver2.inf
c:\users\stig_\source\repos\usb umdf 2 driver2\usb umdf 2 driver2\x64\debug\device.tmh
c:\users\stig_\source\repos\usb umdf 2 driver2\usb umdf 2 driver2\x64\debug\driver.tmh
c:\users\stig_\source\repos\usb umdf 2 driver2\usb umdf 2 driver2\x64\debug\queue.tmh
c:\users\stig_\source\repos\usb umdf 2 driver2\x64\debug\usbumdf2driver2.lib
c:\users\stig_\source\repos\usb umdf 2 driver2\x64\debug\usbumdf2driver2.exp
c:\users\stig_\source\repos\usb umdf 2 driver2\x64\debug\usbumdf2driver2.cer
c:\users\stig_\source\repos\usb umdf 2 driver2\x64\debug\usbumdf2driver2.inf
c:\users\stig_\source\repos\usb umdf 2 driver2\usb umdf 2 driver2\x64\debug\usb umdf.30673f03.tlog\cl.command.1.tlog
c:\users\stig_\source\repos\usb umdf 2 driver2\usb umdf 2 driver2\x64\debug\usb umdf.30673f03.tlog\cl.read.1.tlog
c:\users\stig_\source\repos\usb umdf 2 driver2\usb umdf 2 driver2\x64\debug\usb umdf.30673f03.tlog\cl.write.1.tlog
c:\users\stig_\source\repos\usb umdf 2 driver2\usb umdf 2 driver2\x64\debug\usb umdf.30673f03.tlog\inf2cat-expand.11456.read.1.tlog
c:\users\stig_\source\repos\usb umdf 2 driver2\usb umdf 2 driver2\x64\debug\usb umdf.30673f03.tlog\inf2cat-expand.11456.write.1.tlog
c:\users\stig_\source\repos\usb umdf 2 driver2\usb umdf 2 driver2\x64\debug\usb umdf.30673f03.tlog\inf2cat-expand.read.1.tlog
c:\users\stig_\source\repos\usb umdf 2 driver2\usb umdf 2 driver2\x64\debug\usb umdf.30673f03.tlog\inf2cat-expand.write.1.tlog
c:\users\stig_\source\repos\usb umdf 2 driver2\usb umdf 2 driver2\x64\debug\usb umdf.30673f03.tlog\inf2cat.command.1.tlog
c:\users\stig_\source\repos\usb umdf 2 driver2\usb umdf 2 driver2\x64\debug\usb umdf.30673f03.tlog\inf2cat.read.1.tlog
c:\users\stig_\source\repos\usb umdf 2 driver2\usb umdf 2 driver2\x64\debug\usb umdf.30673f03.tlog\inf2cat.write.1.tlog
c:\users\stig_\source\repos\usb umdf 2 driver2\usb umdf 2 driver2\x64\debug\usb umdf.30673f03.tlog\link.command.1.tlog
c:\users\stig_\source\repos\usb umdf 2 driver2\usb umdf 2 driver2\x64\debug\usb umdf.30673f03.tlog\link.read.1.tlog
c:\users\stig_\source\repos\usb umdf 2 driver2\usb umdf 2 driver2\x64\debug\usb umdf.30673f03.tlog\link.write.1.tlog
c:\users\stig_\source\repos\usb umdf 2 driver2\usb umdf 2 driver2\x64\debug\usb umdf.30673f03.tlog\signtool.command.1.tlog
c:\users\stig_\source\repos\usb umdf 2 driver2\usb umdf 2 driver2\x64\debug\usb umdf.30673f03.tlog\signtool.read.1.tlog
c:\users\stig_\source\repos\usb umdf 2 driver2\usb umdf 2 driver2\x64\debug\usb umdf.30673f03.tlog\signtool.timestamp.1.tlog
c:\users\stig_\source\repos\usb umdf 2 driver2\usb umdf 2 driver2\x64\debug\usb umdf.30673f03.tlog\signtool.write.1.tlog
c:\users\stig_\source\repos\usb umdf 2 driver2\usb umdf 2 driver2\x64\debug\usb umdf.30673f03.tlog\stampinf.command.1.tlog
c:\users\stig_\source\repos\usb umdf 2 driver2\usb umdf 2 driver2\x64\debug\usb umdf.30673f03.tlog\stampinf.read.1.tlog
c:\users\stig_\source\repos\usb umdf 2 driver2\usb umdf 2 driver2\x64\debug\usb umdf.30673f03.tlog\stampinf.write.1.tlog
c:\users\stig_\source\repos\usb umdf 2 driver2\usb umdf 2 driver2\x64\debug\usb umdf.30673f03.tlog\tracewpp.command.1.tlog
c:\users\stig_\source\repos\usb umdf 2 driver2\usb umdf 2 driver2\x64\debug\usb umdf.30673f03.tlog\tracewpp.read.1.tlog
c:\users\stig_\source\repos\usb umdf 2 driver2\usb umdf 2 driver2\x64\debug\usb umdf.30673f03.tlog\tracewpp.write.1.tlog
c:\users\stig_\source\repos\usb umdf 2 driver2\usb umdf 2 driver2\x64\debug\usb umdf.30673f03.tlog\usb umdf 2 driver2.write.1u.tlog
